PROJECTNAME=hello_lua3
=========== all ============
/objdir/Makefile
/objdir/_mkc_compiler_type.err
/objdir/_mkc_compiler_type.res
/objdir/_mkc_header_lua_h.c
/objdir/_mkc_header_lua_h.err
/objdir/_mkc_header_lua_h.res
/objdir/_mkc_pkgconfig_lua.err
/objdir/_mkc_pkgconfig_lua.res
/objdir/_mkc_pkgconfig_lua_INSTALL_CMOD.err
/objdir/_mkc_pkgconfig_lua_INSTALL_CMOD.res
/objdir/_mkc_pkgconfig_lua_INSTALL_LMOD.err
/objdir/_mkc_pkgconfig_lua_INSTALL_LMOD.res
/objdir/_mkc_pkgconfig_lua_cflags.err
/objdir/_mkc_pkgconfig_lua_cflags.res
/objdir/_mkc_pkgconfig_lua_libs.err
/objdir/_mkc_pkgconfig_lua_libs.res
/objdir/_mkc_prog_cc.err
/objdir/_mkc_prog_cc.res
/objdir/_mkc_prog_pkg-config.err
/objdir/_mkc_prog_pkg-config.res
/objdir/baz.so
/objdir/expect.out
/objdir/hello_lua3.test.out.tmp
/objdir/socket_bar.lua
/objdir/socket_baz.c
/objdir/socket_baz.os
/objdir/socket_foo.lua
/objdir/test.mk
========= install ==========
/objdir/prefix/lib/lua/X.Y/socket/baz.so
/objdir/prefix/share/lua/X.Y/socket/bar.lua
/objdir/prefix/share/lua/X.Y/socket/foo.lua
======== uninstall =========
========== clean ===========
/objdir/Makefile
/objdir/_mkc_compiler_type.err
/objdir/_mkc_compiler_type.res
/objdir/_mkc_header_lua_h.c
/objdir/_mkc_header_lua_h.err
/objdir/_mkc_header_lua_h.res
/objdir/_mkc_pkgconfig_lua.err
/objdir/_mkc_pkgconfig_lua.res
/objdir/_mkc_pkgconfig_lua_INSTALL_CMOD.err
/objdir/_mkc_pkgconfig_lua_INSTALL_CMOD.res
/objdir/_mkc_pkgconfig_lua_INSTALL_LMOD.err
/objdir/_mkc_pkgconfig_lua_INSTALL_LMOD.res
/objdir/_mkc_pkgconfig_lua_cflags.err
/objdir/_mkc_pkgconfig_lua_cflags.res
/objdir/_mkc_pkgconfig_lua_libs.err
/objdir/_mkc_pkgconfig_lua_libs.res
/objdir/_mkc_prog_cc.err
/objdir/_mkc_prog_cc.res
/objdir/_mkc_prog_pkg-config.err
/objdir/_mkc_prog_pkg-config.res
/objdir/expect.out
/objdir/hello_lua3.test.out.tmp
/objdir/socket_bar.lua
/objdir/socket_baz.c
/objdir/socket_foo.lua
/objdir/test.mk
======= distclean ==========
/objdir/Makefile
/objdir/expect.out
/objdir/hello_lua3.test.out.tmp
/objdir/socket_bar.lua
/objdir/socket_baz.c
/objdir/socket_foo.lua
/objdir/test.mk
