# of lines = 2, # of chars = 26
=========== all ============
/objdir/Makefile
/objdir/_mkc_cc_type.err
/objdir/_mkc_cc_type.res
/objdir/_mkc_funclib_yywrap.c
/objdir/_mkc_funclib_yywrap.err
/objdir/_mkc_funclib_yywrap.res
/objdir/_mkc_funclib_yywrap_l.c
/objdir/_mkc_funclib_yywrap_l.err
/objdir/_mkc_funclib_yywrap_l.res
/objdir/_mkc_prog_cc.err
/objdir/_mkc_prog_cc.res
/objdir/_mkc_prog_lex.err
/objdir/_mkc_prog_lex.res
/objdir/expect.out
/objdir/input.txt
/objdir/lexer
/objdir/lexer.c
/objdir/lexer.l
/objdir/lexer.o
/objdir/lexer.test.out.tmp
/objdir/test.mk
========= install ==========
/objdir/prefix
/objdir/prefix/bin
/objdir/prefix/bin/lexer
======== uninstall =========
========== clean ===========
/objdir/Makefile
/objdir/_mkc_cc_type.err
/objdir/_mkc_cc_type.res
/objdir/_mkc_funclib_yywrap.c
/objdir/_mkc_funclib_yywrap.err
/objdir/_mkc_funclib_yywrap.res
/objdir/_mkc_funclib_yywrap_l.c
/objdir/_mkc_funclib_yywrap_l.err
/objdir/_mkc_funclib_yywrap_l.res
/objdir/_mkc_prog_cc.err
/objdir/_mkc_prog_cc.res
/objdir/_mkc_prog_lex.err
/objdir/_mkc_prog_lex.res
/objdir/expect.out
/objdir/input.txt
/objdir/lexer.l
/objdir/lexer.test.out.tmp
/objdir/test.mk
========== depend ===========
/objdir/.depend_lexer
/objdir/Makefile
/objdir/_mkc_cc_type.err
/objdir/_mkc_cc_type.res
/objdir/_mkc_funclib_yywrap.c
/objdir/_mkc_funclib_yywrap.err
/objdir/_mkc_funclib_yywrap.res
/objdir/_mkc_funclib_yywrap_l.c
/objdir/_mkc_funclib_yywrap_l.err
/objdir/_mkc_funclib_yywrap_l.res
/objdir/_mkc_prog_cc.err
/objdir/_mkc_prog_cc.res
/objdir/_mkc_prog_lex.err
/objdir/_mkc_prog_lex.res
/objdir/expect.out
/objdir/input.txt
/objdir/lexer.c
/objdir/lexer.d
/objdir/lexer.l
/objdir/lexer.test.out.tmp
/objdir/test.mk
==== SHRTOUT=yes depend ====
LEX: lexer.l
DEP: lexer.d
DEP: .depend_lexer
==== SHRTOUT=yes all ====
LEX: lexer.l
CC: lexer.c
LD: lexer
/objdir/.depend_lexer
/objdir/Makefile
/objdir/_mkc_cc_type.err
/objdir/_mkc_cc_type.res
/objdir/_mkc_funclib_yywrap.c
/objdir/_mkc_funclib_yywrap.err
/objdir/_mkc_funclib_yywrap.res
/objdir/_mkc_funclib_yywrap_l.c
/objdir/_mkc_funclib_yywrap_l.err
/objdir/_mkc_funclib_yywrap_l.res
/objdir/_mkc_prog_cc.err
/objdir/_mkc_prog_cc.res
/objdir/_mkc_prog_lex.err
/objdir/_mkc_prog_lex.res
/objdir/expect.out
/objdir/input.txt
/objdir/lexer
/objdir/lexer.c
/objdir/lexer.d
/objdir/lexer.l
/objdir/lexer.o
/objdir/lexer.test.out.tmp
/objdir/test.mk
======= cleandir ==========
/objdir/Makefile
/objdir/expect.out
/objdir/input.txt
/objdir/lexer.l
/objdir/lexer.test.out.tmp
/objdir/test.mk
