PROJECTNAME=hello_world
Hello World!
=========== all ============
/objdir/COPYRIGHT
/objdir/Makefile
/objdir/README
/objdir/_mkc_compiler_type.err
/objdir/_mkc_compiler_type.res
/objdir/_mkc_prog_cc.err
/objdir/_mkc_prog_cc.res
/objdir/expect.out
/objdir/hello_world
/objdir/hello_world.c
/objdir/hello_world.o
/objdir/hello_world.test.out.tmp
/objdir/test.mk
========= install ==========
/objdir/prefix
/objdir/prefix/bin
/objdir/prefix/bin/hello_world
/objdir/prefix/share
/objdir/prefix/share/doc
/objdir/prefix/share/doc/hello_world
/objdir/prefix/share/doc/hello_world/COPYRIGHT
/objdir/prefix/share/doc/hello_world/README
======== uninstall =========
========== clean ===========
/objdir/COPYRIGHT
/objdir/Makefile
/objdir/README
/objdir/_mkc_compiler_type.err
/objdir/_mkc_compiler_type.res
/objdir/_mkc_prog_cc.err
/objdir/_mkc_prog_cc.res
/objdir/expect.out
/objdir/hello_world.c
/objdir/hello_world.test.out.tmp
/objdir/test.mk
======== bin_tar ===========
usr
usr/local
usr/local/bin
usr/local/bin/hello_world
usr/local/share
usr/local/share/doc
usr/local/share/doc/hello_world
usr/local/share/doc/hello_world/COPYRIGHT
usr/local/share/doc/hello_world/README
======== bin_targz ===========
usr
usr/local
usr/local/bin
usr/local/bin/hello_world
usr/local/share
usr/local/share/doc
usr/local/share/doc/hello_world
usr/local/share/doc/hello_world/COPYRIGHT
usr/local/share/doc/hello_world/README
======== bin_tarbz2 ===========
usr
usr/local
usr/local/bin
usr/local/bin/hello_world
usr/local/share
usr/local/share/doc
usr/local/share/doc/hello_world
usr/local/share/doc/hello_world/COPYRIGHT
usr/local/share/doc/hello_world/README
======= filelist ===========
/usr/local/bin/hello_world
/usr/local/share/doc/hello_world/COPYRIGHT
/usr/local/share/doc/hello_world/README
======= cleandir ==========
/objdir/COPYRIGHT
/objdir/Makefile
/objdir/README
/objdir/expect.out
/objdir/hello_world.c
/objdir/hello_world.test.out.tmp
/objdir/test.mk
