Hello1
Hello v.1.2.3
Hello2
Hello World! version 1.2.3
My email is vle@gmx.net
=========== all ============
/objdir/Makefile
/objdir/_mkc_compiler_type.err
/objdir/_mkc_compiler_type.res
/objdir/_mkc_header_stdio_h.c
/objdir/_mkc_header_stdio_h.err
/objdir/_mkc_header_stdio_h.res
/objdir/_mkc_prog_cc.err
/objdir/_mkc_prog_cc.res
/objdir/expect.out
/objdir/hello/Makefile
/objdir/hello/expect.out
/objdir/hello/hello_subprojects
/objdir/hello/hello_subprojects.1
/objdir/hello/hello_subprojects.1.in
/objdir/hello/hello_subprojects.c
/objdir/hello/hello_subprojects.cat1
/objdir/hello/hello_subprojects.o
/objdir/hello/hello_subprojects2
/objdir/hello/hello_subprojects2.in
/objdir/hello/test.mk
/objdir/libhello1/Makefile
/objdir/libhello1/hello1.c
/objdir/libhello1/hello1.h
/objdir/libhello1/hello1.o
/objdir/libhello1/hello1.os
/objdir/libhello1/libhello1.a
/objdir/libhello1/libhello1.so
/objdir/libhello1/libhello1.so.1
/objdir/libhello1/libhello1.so.1.0
/objdir/libhello1/linkme.mk
/objdir/libhello2/Makefile
/objdir/libhello2/hello2.3
/objdir/libhello2/hello2.c
/objdir/libhello2/hello2.cat3
/objdir/libhello2/hello2.o
/objdir/libhello2/include/hello2.h
/objdir/libhello2/libhello2.a
/objdir/libhello2/linkme.mk
/objdir/subprojects.test.out.tmp
/objdir/test.mk
/objdir/version.mk
========= installdirs ==========
/objdir/prefix
/objdir/prefix/bin
/objdir/prefix/include
/objdir/prefix/lib
/objdir/prefix/man
/objdir/prefix/man/cat1
/objdir/prefix/man/man1
========= install ==========
/objdir/prefix
/objdir/prefix/bin
/objdir/prefix/bin/hello_subprojects
/objdir/prefix/bin/hello_subprojects2
/objdir/prefix/include
/objdir/prefix/include/hello1.h
/objdir/prefix/lib
/objdir/prefix/lib/libhello1.a
/objdir/prefix/lib/libhello1.so
/objdir/prefix/lib/libhello1.so.1
/objdir/prefix/lib/libhello1.so.1.0
/objdir/prefix/man
/objdir/prefix/man/cat1
/objdir/prefix/man/cat1/hello_subprojects.0
/objdir/prefix/man/man1
/objdir/prefix/man/man1/hello_subprojects.1
======== uninstall =========
========== clean ===========
/objdir/Makefile
/objdir/_mkc_compiler_type.err
/objdir/_mkc_compiler_type.res
/objdir/_mkc_header_stdio_h.c
/objdir/_mkc_header_stdio_h.err
/objdir/_mkc_header_stdio_h.res
/objdir/_mkc_prog_cc.err
/objdir/_mkc_prog_cc.res
/objdir/expect.out
/objdir/hello/Makefile
/objdir/hello/expect.out
/objdir/hello/hello_subprojects.1.in
/objdir/hello/hello_subprojects.c
/objdir/hello/hello_subprojects2.in
/objdir/hello/test.mk
/objdir/libhello1/Makefile
/objdir/libhello1/hello1.c
/objdir/libhello1/hello1.h
/objdir/libhello1/linkme.mk
/objdir/libhello2/Makefile
/objdir/libhello2/hello2.3
/objdir/libhello2/hello2.c
/objdir/libhello2/include/hello2.h
/objdir/libhello2/linkme.mk
/objdir/subprojects.test.out.tmp
/objdir/test.mk
/objdir/version.mk
======= distclean ==========
/objdir/Makefile
/objdir/expect.out
/objdir/hello/Makefile
/objdir/hello/expect.out
/objdir/hello/hello_subprojects.1.in
/objdir/hello/hello_subprojects.c
/objdir/hello/hello_subprojects2.in
/objdir/hello/test.mk
/objdir/libhello1/Makefile
/objdir/libhello1/hello1.c
/objdir/libhello1/hello1.h
/objdir/libhello1/linkme.mk
/objdir/libhello2/Makefile
/objdir/libhello2/hello2.3
/objdir/libhello2/hello2.c
/objdir/libhello2/include/hello2.h
/objdir/libhello2/linkme.mk
/objdir/subprojects.test.out.tmp
/objdir/test.mk
/objdir/version.mk
========= libhello1 ==========
/objdir
/objdir/Makefile
/objdir/_mkc_compiler_type.err
/objdir/_mkc_compiler_type.res
/objdir/_mkc_prog_cc.err
/objdir/_mkc_prog_cc.res
/objdir/expect.out
/objdir/hello
/objdir/hello/Makefile
/objdir/hello/expect.out
/objdir/hello/hello_subprojects.1.in
/objdir/hello/hello_subprojects.c
/objdir/hello/hello_subprojects2.in
/objdir/hello/test.mk
/objdir/libhello1
/objdir/libhello1/Makefile
/objdir/libhello1/hello1.c
/objdir/libhello1/hello1.h
/objdir/libhello1/hello1.o
/objdir/libhello1/hello1.os
/objdir/libhello1/libhello1.a
/objdir/libhello1/libhello1.so
/objdir/libhello1/libhello1.so.1
/objdir/libhello1/libhello1.so.1.0
/objdir/libhello1/linkme.mk
/objdir/libhello2
/objdir/libhello2/Makefile
/objdir/libhello2/hello2.3
/objdir/libhello2/hello2.c
/objdir/libhello2/include
/objdir/libhello2/include/hello2.h
/objdir/libhello2/linkme.mk
/objdir/subprojects.test.out.tmp
/objdir/test.mk
/objdir/version.mk
========= all-libhello2 ==========
/objdir
/objdir/Makefile
/objdir/_mkc_compiler_type.err
/objdir/_mkc_compiler_type.res
/objdir/_mkc_prog_cc.err
/objdir/_mkc_prog_cc.res
/objdir/expect.out
/objdir/hello
/objdir/hello/Makefile
/objdir/hello/expect.out
/objdir/hello/hello_subprojects.1.in
/objdir/hello/hello_subprojects.c
/objdir/hello/hello_subprojects2.in
/objdir/hello/test.mk
/objdir/libhello1
/objdir/libhello1/Makefile
/objdir/libhello1/hello1.c
/objdir/libhello1/hello1.h
/objdir/libhello1/hello1.o
/objdir/libhello1/hello1.os
/objdir/libhello1/libhello1.a
/objdir/libhello1/libhello1.so
/objdir/libhello1/libhello1.so.1
/objdir/libhello1/libhello1.so.1.0
/objdir/libhello1/linkme.mk
/objdir/libhello2
/objdir/libhello2/Makefile
/objdir/libhello2/hello2.3
/objdir/libhello2/hello2.c
/objdir/libhello2/hello2.cat3
/objdir/libhello2/hello2.o
/objdir/libhello2/include
/objdir/libhello2/include/hello2.h
/objdir/libhello2/libhello2.a
/objdir/libhello2/linkme.mk
/objdir/subprojects.test.out.tmp
/objdir/test.mk
/objdir/version.mk
========= cleandir-libhello1 ==========
/objdir
/objdir/Makefile
/objdir/expect.out
/objdir/hello
/objdir/hello/Makefile
/objdir/hello/expect.out
/objdir/hello/hello_subprojects.1.in
/objdir/hello/hello_subprojects.c
/objdir/hello/hello_subprojects2.in
/objdir/hello/test.mk
/objdir/libhello1
/objdir/libhello1/Makefile
/objdir/libhello1/hello1.c
/objdir/libhello1/hello1.h
/objdir/libhello1/linkme.mk
/objdir/libhello2
/objdir/libhello2/Makefile
/objdir/libhello2/hello2.3
/objdir/libhello2/hello2.c
/objdir/libhello2/hello2.cat3
/objdir/libhello2/hello2.o
/objdir/libhello2/include
/objdir/libhello2/include/hello2.h
/objdir/libhello2/libhello2.a
/objdir/libhello2/linkme.mk
/objdir/subprojects.test.out.tmp
/objdir/test.mk
/objdir/version.mk
======= library dependencies =======
Hello1
Hello v.1.2.3
