2
=========== all ============
/objdir/Makefile
/objdir/_mkc_compiler_type.err
/objdir/_mkc_compiler_type.res
/objdir/_mkc_define__MSC_VER.c
/objdir/_mkc_define__MSC_VER.err
/objdir/_mkc_define__MSC_VER.res
/objdir/_mkc_define___GNUC__.c
/objdir/_mkc_define___GNUC__.err
/objdir/_mkc_define___GNUC__.res
/objdir/_mkc_define___INTEL_COMPILER.c
/objdir/_mkc_define___INTEL_COMPILER.err
/objdir/_mkc_define___INTEL_COMPILER.res
/objdir/_mkc_define___PCC__.c
/objdir/_mkc_define___PCC__.err
/objdir/_mkc_define___PCC__.res
/objdir/_mkc_define___SUNPRO_C.c
/objdir/_mkc_define___SUNPRO_C.err
/objdir/_mkc_define___SUNPRO_C.res
/objdir/_mkc_prog_cc.err
/objdir/_mkc_prog_cc.res
/objdir/compiler_test
/objdir/compiler_test.c
/objdir/compiler_test.o
/objdir/expect.out
/objdir/hello_compilers.test.out.tmp
/objdir/test.mk
========= install ==========
/objdir/prefix/bin/compiler_test
======== uninstall =========
========== clean ===========
/objdir/Makefile
/objdir/_mkc_compiler_type.err
/objdir/_mkc_compiler_type.res
/objdir/_mkc_define__MSC_VER.c
/objdir/_mkc_define__MSC_VER.err
/objdir/_mkc_define__MSC_VER.res
/objdir/_mkc_define___GNUC__.c
/objdir/_mkc_define___GNUC__.err
/objdir/_mkc_define___GNUC__.res
/objdir/_mkc_define___INTEL_COMPILER.c
/objdir/_mkc_define___INTEL_COMPILER.err
/objdir/_mkc_define___INTEL_COMPILER.res
/objdir/_mkc_define___PCC__.c
/objdir/_mkc_define___PCC__.err
/objdir/_mkc_define___PCC__.res
/objdir/_mkc_define___SUNPRO_C.c
/objdir/_mkc_define___SUNPRO_C.err
/objdir/_mkc_define___SUNPRO_C.res
/objdir/_mkc_prog_cc.err
/objdir/_mkc_prog_cc.res
/objdir/compiler_test.c
/objdir/expect.out
/objdir/hello_compilers.test.out.tmp
/objdir/test.mk
======= distclean ==========
/objdir/Makefile
/objdir/compiler_test.c
/objdir/expect.out
/objdir/hello_compilers.test.out.tmp
/objdir/test.mk
