Hello World1
Hello World1-2
Hello World1-3
OBJDIR_prog1=/path/to/prog1
OBJDIR_prog2=/path/to/prog2
SRCDIR_prog1=hello_subdirs/prog1
SRCDIR_prog2=hello_subdirs/prog2
=========== all ============
/objdir/Makefile
/objdir/expect.out
/objdir/prog1
/objdir/prog1.awk
/objdir/prog1.awk.in
/objdir/prog1.c
/objdir/prog1.o
/objdir/prog1.sh
/objdir/prog1.test.out.tmp
/objdir/test.mk
========= install ==========
/objdir/prefix/bin/prog1
/objdir/prefix/bin/program1.awk
/objdir/prefix/libexec/program1.sh
======== uninstall =========
========== clean ===========
/objdir/Makefile
/objdir/expect.out
/objdir/prog1.awk.in
/objdir/prog1.c
/objdir/prog1.sh
/objdir/prog1.test.out.tmp
/objdir/test.mk
======= cleandir ==========
/objdir/Makefile
/objdir/expect.out
/objdir/prog1.awk.in
/objdir/prog1.c
/objdir/prog1.sh
/objdir/prog1.test.out.tmp
/objdir/test.mk
