# Copyrig
# All rig
# 
# Redistr
# modific
# are met
# 1. Redi
#    noti
# 2. Redi
#    noti
#    docu
# 
# THIS SO
# ``AS IS
# TO, THE
# PURPOSE
# BE LIAB
# CONSEQU
# SUBSTIT
# INTERRU
# CONTRAC
# ARISING
# POSSIBI
=========== all ============
/objdir/Makefile
/objdir/_mkc_compiler_type.err
/objdir/_mkc_compiler_type.res
/objdir/_mkc_func3_strlcpy_string_h.c
/objdir/_mkc_func3_strlcpy_string_h.err
/objdir/_mkc_func3_strlcpy_string_h.res
/objdir/_mkc_funclib_strlcpy.c
/objdir/_mkc_funclib_strlcpy.err
/objdir/_mkc_funclib_strlcpy.res
/objdir/_mkc_prog_cc.err
/objdir/_mkc_prog_cc.res
/objdir/expect.out
/objdir/hello.c
/objdir/hello.o
/objdir/hello4
/objdir/hello_strlcpy.test.out.tmp
/objdir/input.in
/objdir/strlcpy.c
/objdir/test.mk
========= install ==========
/objdir/prefix/bin/hello4
======== uninstall =========
========== clean ===========
/objdir/Makefile
/objdir/_mkc_compiler_type.err
/objdir/_mkc_compiler_type.res
/objdir/_mkc_func3_strlcpy_string_h.c
/objdir/_mkc_func3_strlcpy_string_h.err
/objdir/_mkc_func3_strlcpy_string_h.res
/objdir/_mkc_funclib_strlcpy.c
/objdir/_mkc_funclib_strlcpy.err
/objdir/_mkc_funclib_strlcpy.res
/objdir/_mkc_prog_cc.err
/objdir/_mkc_prog_cc.res
/objdir/expect.out
/objdir/hello.c
/objdir/hello_strlcpy.test.out.tmp
/objdir/input.in
/objdir/strlcpy.c
/objdir/test.mk
======= distclean ==========
/objdir/Makefile
/objdir/expect.out
/objdir/hello.c
/objdir/hello_strlcpy.test.out.tmp
/objdir/input.in
/objdir/strlcpy.c
/objdir/test.mk
