# of lines = 2, # of chars = 26
=========== all ============
/objdir/Makefile
/objdir/_mkc_cc_type.err
/objdir/_mkc_cc_type.res
/objdir/_mkc_funclib_yywrap.c
/objdir/_mkc_funclib_yywrap.err
/objdir/_mkc_funclib_yywrap.res
/objdir/_mkc_funclib_yywrap_l.c
/objdir/_mkc_funclib_yywrap_l.err
/objdir/_mkc_funclib_yywrap_l.res
/objdir/_mkc_prog_cc.err
/objdir/_mkc_prog_cc.res
/objdir/_mkc_prog_lex.err
/objdir/_mkc_prog_lex.res
/objdir/expect.out
/objdir/hello_lex
/objdir/hello_lex.c
/objdir/hello_lex.l
/objdir/hello_lex.o
/objdir/hello_lex.test.out.tmp
/objdir/input.txt
/objdir/test.mk
========= install ==========
/objdir/prefix
/objdir/prefix/bin
/objdir/prefix/bin/hello_lex
======== uninstall =========
========== clean ===========
/objdir/Makefile
/objdir/_mkc_cc_type.err
/objdir/_mkc_cc_type.res
/objdir/_mkc_funclib_yywrap.c
/objdir/_mkc_funclib_yywrap.err
/objdir/_mkc_funclib_yywrap.res
/objdir/_mkc_funclib_yywrap_l.c
/objdir/_mkc_funclib_yywrap_l.err
/objdir/_mkc_funclib_yywrap_l.res
/objdir/_mkc_prog_cc.err
/objdir/_mkc_prog_cc.res
/objdir/_mkc_prog_lex.err
/objdir/_mkc_prog_lex.res
/objdir/expect.out
/objdir/hello_lex.l
/objdir/hello_lex.test.out.tmp
/objdir/input.txt
/objdir/test.mk
========== depend ===========
/objdir/.depend
/objdir/Makefile
/objdir/_mkc_cc_type.err
/objdir/_mkc_cc_type.res
/objdir/_mkc_funclib_yywrap.c
/objdir/_mkc_funclib_yywrap.err
/objdir/_mkc_funclib_yywrap.res
/objdir/_mkc_funclib_yywrap_l.c
/objdir/_mkc_funclib_yywrap_l.err
/objdir/_mkc_funclib_yywrap_l.res
/objdir/_mkc_prog_cc.err
/objdir/_mkc_prog_cc.res
/objdir/_mkc_prog_lex.err
/objdir/_mkc_prog_lex.res
/objdir/expect.out
/objdir/hello_lex.c
/objdir/hello_lex.d
/objdir/hello_lex.l
/objdir/hello_lex.test.out.tmp
/objdir/input.txt
/objdir/test.mk
==== SHRTOUT=yes depend ====
LEX: hello_lex.l
DEP: hello_lex.d
DEP: .depend
==== SHRTOUT=yes all ====
LEX: hello_lex.l
CC: hello_lex.c
LD: hello_lex
/objdir/.depend
/objdir/Makefile
/objdir/_mkc_cc_type.err
/objdir/_mkc_cc_type.res
/objdir/_mkc_funclib_yywrap.c
/objdir/_mkc_funclib_yywrap.err
/objdir/_mkc_funclib_yywrap.res
/objdir/_mkc_funclib_yywrap_l.c
/objdir/_mkc_funclib_yywrap_l.err
/objdir/_mkc_funclib_yywrap_l.res
/objdir/_mkc_prog_cc.err
/objdir/_mkc_prog_cc.res
/objdir/_mkc_prog_lex.err
/objdir/_mkc_prog_lex.res
/objdir/expect.out
/objdir/hello_lex
/objdir/hello_lex.c
/objdir/hello_lex.d
/objdir/hello_lex.l
/objdir/hello_lex.o
/objdir/hello_lex.test.out.tmp
/objdir/input.txt
/objdir/test.mk
======= cleandir ==========
/objdir/Makefile
/objdir/expect.out
/objdir/hello_lex.l
/objdir/hello_lex.test.out.tmp
/objdir/input.txt
/objdir/test.mk
