PROJECTNAME=hello_lua
foobarbaz
=========== all ============
/objdir/Makefile
/objdir/_mkc_cc_type.err
/objdir/_mkc_cc_type.res
/objdir/_mkc_header_lua_h.c
/objdir/_mkc_header_lua_h.err
/objdir/_mkc_header_lua_h.res
/objdir/_mkc_pkgconfig_lua.err
/objdir/_mkc_pkgconfig_lua.res
/objdir/_mkc_pkgconfig_lua_cflags.err
/objdir/_mkc_pkgconfig_lua_cflags.res
/objdir/_mkc_pkgconfig_lua_libs.err
/objdir/_mkc_pkgconfig_lua_libs.res
/objdir/_mkc_prog_cc.err
/objdir/_mkc_prog_cc.res
/objdir/_mkc_prog_pkg-config.err
/objdir/_mkc_prog_pkg-config.res
/objdir/bar.lua
/objdir/baz.c
/objdir/baz.os
/objdir/baz.so
/objdir/expect.out
/objdir/foo.lua
/objdir/foobar
/objdir/foobar.in
/objdir/hello_lua.done
/objdir/hello_lua.test.out.tmp
/objdir/test.mk
========= install ==========
/objdir/prefix/bin/foobar
/objdir/prefix/lib/lua/X.Y/baz.so
/objdir/prefix/share/lua/X.Y/bar.lua
/objdir/prefix/share/lua/X.Y/foo.lua
======== uninstall =========
========== clean ===========
/objdir/Makefile
/objdir/_mkc_cc_type.err
/objdir/_mkc_cc_type.res
/objdir/_mkc_header_lua_h.c
/objdir/_mkc_header_lua_h.err
/objdir/_mkc_header_lua_h.res
/objdir/_mkc_pkgconfig_lua.err
/objdir/_mkc_pkgconfig_lua.res
/objdir/_mkc_pkgconfig_lua_cflags.err
/objdir/_mkc_pkgconfig_lua_cflags.res
/objdir/_mkc_pkgconfig_lua_libs.err
/objdir/_mkc_pkgconfig_lua_libs.res
/objdir/_mkc_prog_cc.err
/objdir/_mkc_prog_cc.res
/objdir/_mkc_prog_pkg-config.err
/objdir/_mkc_prog_pkg-config.res
/objdir/bar.lua
/objdir/baz.c
/objdir/expect.out
/objdir/foo.lua
/objdir/foobar.in
/objdir/hello_lua.test.out.tmp
/objdir/test.mk
======= cleandir ==========
/objdir/Makefile
/objdir/bar.lua
/objdir/baz.c
/objdir/expect.out
/objdir/foo.lua
/objdir/foobar.in
/objdir/hello_lua.test.out.tmp
/objdir/test.mk
========= install2 ==========
/objdir
/objdir/Makefile
/objdir/_mkc_cc_type.err
/objdir/_mkc_cc_type.res
/objdir/_mkc_header_lua_h.c
/objdir/_mkc_header_lua_h.err
/objdir/_mkc_header_lua_h.res
/objdir/_mkc_pkgconfig_lua.err
/objdir/_mkc_pkgconfig_lua.res
/objdir/_mkc_pkgconfig_lua_cflags.err
/objdir/_mkc_pkgconfig_lua_cflags.res
/objdir/_mkc_pkgconfig_lua_libs.err
/objdir/_mkc_pkgconfig_lua_libs.res
/objdir/_mkc_prog_cc.err
/objdir/_mkc_prog_cc.res
/objdir/_mkc_prog_pkg-config.err
/objdir/_mkc_prog_pkg-config.res
/objdir/bar.lua
/objdir/baz.c
/objdir/baz.os
/objdir/baz.so
/objdir/expect.out
/objdir/foo.lua
/objdir/foobar
/objdir/foobar.in
/objdir/hello_lua.done
/objdir/hello_lua.test.out.tmp
/objdir/opt
/objdir/opt/vendor
/objdir/prefix
/objdir/prefix/bin
/objdir/prefix/bin/foobar
/objdir/prefix/lib
/objdir/prefix/lib/lua
/objdir/prefix/lib/lua/X.Y
/objdir/prefix/lib/lua/X.Y/baz.so
/objdir/prefix/share
/objdir/prefix/share/lua
/objdir/prefix/share/lua/X.Y
/objdir/prefix/share/lua/X.Y/bar.lua
/objdir/prefix/share/lua/X.Y/foo.lua
/objdir/test.mk
