25
325
=========== all ============
/objdir/_mkc_cc_type.err
/objdir/_mkc_cc_type.res
/objdir/_mkc_prog_cc.err
/objdir/_mkc_prog_cc.res
/objdir/app
/objdir/app.o
/objdir/empty
/objdir/libmultiplier.a
/objdir/libmultiplier.done
/objdir/libmultiplier.so.1.1
/objdir/libsummator.a
/objdir/libsummator.done
/objdir/libsummator.so.1.0
/objdir/multiplier.o
/objdir/multiplier.os
/objdir/summator.o
/objdir/summator.os
/srcdir/Makefile
/srcdir/app/Makefile
/srcdir/app/app.c
/srcdir/expect.out
/srcdir/input.in
/srcdir/libmultiplier/Makefile
/srcdir/libmultiplier/multiplier.c
/srcdir/libmultiplier/multiplier.h
/srcdir/libsummator/Makefile
/srcdir/libsummator/summator.c
/srcdir/libsummator/summator.h
/srcdir/test.mk
