4
45
-1
45
460
484
27
73
=========== all ============
/objdir/Makefile
/objdir/_mkc_compiler_type.err
/objdir/_mkc_compiler_type.res
/objdir/_mkc_custom_prog_bison.err
/objdir/_mkc_custom_prog_bison.res
/objdir/_mkc_custom_prog_flex.err
/objdir/_mkc_custom_prog_flex.res
/objdir/_mkc_funclib_main.c
/objdir/_mkc_funclib_main.err
/objdir/_mkc_funclib_main.res
/objdir/_mkc_funclib_main_fl.c
/objdir/_mkc_funclib_main_fl.err
/objdir/_mkc_funclib_main_fl.res
/objdir/_mkc_funclib_main_l.c
/objdir/_mkc_funclib_main_l.err
/objdir/_mkc_funclib_main_l.res
/objdir/_mkc_prog__usr_bin_flex.err
/objdir/_mkc_prog__usr_bin_flex.res
/objdir/_mkc_prog__usr_pkg_bin_bison.err
/objdir/_mkc_prog__usr_pkg_bin_bison.res
/objdir/_mkc_prog_cc.err
/objdir/_mkc_prog_cc.res
/objdir/calc
/objdir/expect.out
/objdir/expressions.txt
/objdir/hello_calc2.test.out.tmp
/objdir/lex.c
/objdir/lex.l
/objdir/lex.o
/objdir/parser.c
/objdir/parser.h
/objdir/parser.o
/objdir/parser.y
/objdir/test.mk
========= install ==========
/objdir/prefix
/objdir/prefix/bin
/objdir/prefix/bin/calc
======== uninstall =========
========== clean ===========
/objdir/Makefile
/objdir/_mkc_compiler_type.err
/objdir/_mkc_compiler_type.res
/objdir/_mkc_custom_prog_bison.err
/objdir/_mkc_custom_prog_bison.res
/objdir/_mkc_custom_prog_flex.err
/objdir/_mkc_custom_prog_flex.res
/objdir/_mkc_funclib_main.c
/objdir/_mkc_funclib_main.err
/objdir/_mkc_funclib_main.res
/objdir/_mkc_funclib_main_fl.c
/objdir/_mkc_funclib_main_fl.err
/objdir/_mkc_funclib_main_fl.res
/objdir/_mkc_funclib_main_l.c
/objdir/_mkc_funclib_main_l.err
/objdir/_mkc_funclib_main_l.res
/objdir/_mkc_prog__usr_bin_flex.err
/objdir/_mkc_prog__usr_bin_flex.res
/objdir/_mkc_prog__usr_pkg_bin_bison.err
/objdir/_mkc_prog__usr_pkg_bin_bison.res
/objdir/_mkc_prog_cc.err
/objdir/_mkc_prog_cc.res
/objdir/expect.out
/objdir/expressions.txt
/objdir/hello_calc2.test.out.tmp
/objdir/lex.l
/objdir/parser.y
/objdir/test.mk
======= distclean ==========
/objdir/Makefile
/objdir/expect.out
/objdir/expressions.txt
/objdir/hello_calc2.test.out.tmp
/objdir/lex.l
/objdir/parser.y
/objdir/test.mk
