=========== all ============
/objdir/Makefile
/objdir/_mkc_compiler_type.err
/objdir/_mkc_compiler_type.res
/objdir/_mkc_prog_cc.err
/objdir/_mkc_prog_cc.res
/objdir/expect.out
/objdir/hello_xxzip.test.out.tmp
/objdir/test.mk
/objdir/xxzip
/objdir/xxzip.1
/objdir/xxzip.c
/objdir/xxzip.cat1
/objdir/xxzip.o
/objdir/xxzip.pod
========= install ==========
/objdir/prefix
/objdir/prefix/bin
/objdir/prefix/bin/xxunzip
/objdir/prefix/bin/xxzcat
/objdir/prefix/bin/xxzip
/objdir/prefix/man
/objdir/prefix/man/cat1
/objdir/prefix/man/cat1/xxunzip.0
/objdir/prefix/man/cat1/xxzcat.0
/objdir/prefix/man/cat1/xxzip.0
/objdir/prefix/man/man1
/objdir/prefix/man/man1/xxunzip.1
/objdir/prefix/man/man1/xxzcat.1
/objdir/prefix/man/man1/xxzip.1
======== uninstall =========
========== clean ===========
/objdir/Makefile
/objdir/_mkc_compiler_type.err
/objdir/_mkc_compiler_type.res
/objdir/_mkc_prog_cc.err
/objdir/_mkc_prog_cc.res
/objdir/expect.out
/objdir/hello_xxzip.test.out.tmp
/objdir/test.mk
/objdir/xxzip.c
/objdir/xxzip.pod
======= distclean ==========
/objdir/Makefile
/objdir/expect.out
/objdir/hello_xxzip.test.out.tmp
/objdir/test.mk
/objdir/xxzip.c
/objdir/xxzip.pod
