.
    Makefile
    _mkc_cc_type.err
    _mkc_cc_type.res
    _mkc_func1_fts_read_sys_types_h,sys_stat_h,fts_h.c
    _mkc_func1_fts_read_sys_types_h,sys_stat_h,fts_h.err
    _mkc_func1_fts_read_sys_types_h,sys_stat_h,fts_h.res
    _mkc_funclib_fts_close.c
    _mkc_funclib_fts_close.err
    _mkc_funclib_fts_close.res
    _mkc_funclib_fts_close_fts.c
    _mkc_funclib_fts_close_fts.err
    _mkc_funclib_fts_close_fts.res
    _mkc_funclib_fts_open.c
    _mkc_funclib_fts_open.err
    _mkc_funclib_fts_open.res
    _mkc_funclib_fts_open_fts.c
    _mkc_funclib_fts_open_fts.err
    _mkc_funclib_fts_open_fts.res
    _mkc_funclib_fts_read.c
    _mkc_funclib_fts_read.err
    _mkc_funclib_fts_read.res
    _mkc_funclib_fts_read_fts.c
    _mkc_funclib_fts_read_fts.err
    _mkc_funclib_fts_read_fts.res
    _mkc_prog_cc.err
    _mkc_prog_cc.res
    dir
        subdir
    expect.out
    prog
    prog.c
    prog.o
    test.mk
