=========== all ============
/objdir/Makefile
/objdir/Makefile.inc
/objdir/_mkc_cc_type.err
/objdir/_mkc_cc_type.res
/objdir/_mkc_func0_getexecname_stdlib_h.c
/objdir/_mkc_func0_getexecname_stdlib_h.err
/objdir/_mkc_func0_getexecname_stdlib_h.res
/objdir/_mkc_func0_getprogname_stdlib_h.c
/objdir/_mkc_func0_getprogname_stdlib_h.err
/objdir/_mkc_func0_getprogname_stdlib_h.res
/objdir/_mkc_func1_setprogname_stdlib_h.c
/objdir/_mkc_func1_setprogname_stdlib_h.err
/objdir/_mkc_func1_setprogname_stdlib_h.res
/objdir/_mkc_func2_fgetln_stdio_h.c
/objdir/_mkc_func2_fgetln_stdio_h.err
/objdir/_mkc_func2_fgetln_stdio_h.res
/objdir/_mkc_func2_strndup_string_h.c
/objdir/_mkc_func2_strndup_string_h.err
/objdir/_mkc_func2_strndup_string_h.res
/objdir/_mkc_func3_err_err_h.c
/objdir/_mkc_func3_err_err_h.err
/objdir/_mkc_func3_err_err_h.res
/objdir/_mkc_func3_errx_err_h.c
/objdir/_mkc_func3_errx_err_h.err
/objdir/_mkc_func3_errx_err_h.res
/objdir/_mkc_func3_getline_stdio_h.c
/objdir/_mkc_func3_getline_stdio_h.err
/objdir/_mkc_func3_getline_stdio_h.res
/objdir/_mkc_func3_strlcat_string_h.c
/objdir/_mkc_func3_strlcat_string_h.err
/objdir/_mkc_func3_strlcat_string_h.res
/objdir/_mkc_func3_strlcpy_string_h.c
/objdir/_mkc_func3_strlcpy_string_h.err
/objdir/_mkc_func3_strlcpy_string_h.res
/objdir/_mkc_func4_getdelim_stdio_h.c
/objdir/_mkc_func4_getdelim_stdio_h.err
/objdir/_mkc_func4_getdelim_stdio_h.res
/objdir/_mkc_funclib_err.c
/objdir/_mkc_funclib_err.err
/objdir/_mkc_funclib_err.res
/objdir/_mkc_funclib_errx.c
/objdir/_mkc_funclib_errx.err
/objdir/_mkc_funclib_errx.res
/objdir/_mkc_funclib_fgetln.c
/objdir/_mkc_funclib_fgetln.err
/objdir/_mkc_funclib_fgetln.res
/objdir/_mkc_funclib_getdelim.c
/objdir/_mkc_funclib_getdelim.err
/objdir/_mkc_funclib_getdelim.res
/objdir/_mkc_funclib_getline.c
/objdir/_mkc_funclib_getline.err
/objdir/_mkc_funclib_getline.res
/objdir/_mkc_funclib_getprogname.c
/objdir/_mkc_funclib_getprogname.err
/objdir/_mkc_funclib_getprogname.res
/objdir/_mkc_funclib_setprogname.c
/objdir/_mkc_funclib_setprogname.err
/objdir/_mkc_funclib_setprogname.res
/objdir/_mkc_funclib_strlcat.c
/objdir/_mkc_funclib_strlcat.err
/objdir/_mkc_funclib_strlcat.res
/objdir/_mkc_funclib_strlcpy.c
/objdir/_mkc_funclib_strlcpy.err
/objdir/_mkc_funclib_strlcpy.res
/objdir/_mkc_funclib_strndup.c
/objdir/_mkc_funclib_strndup.err
/objdir/_mkc_funclib_strndup.res
/objdir/_mkc_funclib_verr.c
/objdir/_mkc_funclib_verr.err
/objdir/_mkc_funclib_verr.res
/objdir/_mkc_funclib_verrx.c
/objdir/_mkc_funclib_verrx.err
/objdir/_mkc_funclib_verrx.res
/objdir/_mkc_header_err_h.c
/objdir/_mkc_header_err_h.err
/objdir/_mkc_header_err_h.res
/objdir/_mkc_prog_cc.err
/objdir/_mkc_prog_cc.res
/objdir/_mkc_prototype_void~verr_int,~const~char~8,~va_list__stdarg_h~err_h.c
/objdir/_mkc_prototype_void~verr_int,~const~char~8,~va_list__stdarg_h~err_h.err
/objdir/_mkc_prototype_void~verr_int,~const~char~8,~va_list__stdarg_h~err_h.res
/objdir/_mkc_prototype_void~verrx_int,~const~char~8,~va_list__stdarg_h~err_h.c
/objdir/_mkc_prototype_void~verrx_int,~const~char~8,~va_list__stdarg_h~err_h.err
/objdir/_mkc_prototype_void~verrx_int,~const~char~8,~va_list__stdarg_h~err_h.res
/objdir/_mkc_variable_program_invocation_short_name_errno_h.c
/objdir/_mkc_variable_program_invocation_short_name_errno_h.err
/objdir/_mkc_variable_program_invocation_short_name_errno_h.res
/objdir/expect.out
/objdir/hello_compatlib.test.out.tmp
/objdir/libcmpt/Makefile
/objdir/libcmpt/libcmpt.a
/objdir/libcmpt/libcmpt_pic.a
/objdir/test.mk
===
/objdir/prog1/Makefile
/objdir/prog1/prog1
/objdir/prog1/prog1.c
/objdir/prog1/prog1.o
/objdir/prog2/Makefile
/objdir/prog2/prog2
/objdir/prog2/prog2.c
/objdir/prog2/prog2.o
