dict: fake1=1
dict: fake2=2
dict: fake4=4
dict: fake5=5
dict: fake6=6
dictd: fake1=1
dictd: fake2=2
dictd: fake4=4
dictd: fake5=5
dictd: fake6=6
dictfmt: fake1=1
dictfmt: fake2=2
dictfmt: fake4=4
dictfmt: fake5=5
dictfmt: fake6=6
dictzip: fake1=1
dictzip: fake2=2
dictzip: fake3=3
dictzip: fake4=4
dictzip: fake5=5
dictzip: fake6=6
=========== nm ============
libmaa fake4
libmaa fake5
libmaa fake6
libdz fake3
=========== all ============
/objdir/Makefile
/objdir/Makefile.inc
/objdir/_mkc_compiler_type.err
/objdir/_mkc_compiler_type.res
/objdir/_mkc_funclib_deflate.c
/objdir/_mkc_funclib_deflate.err
/objdir/_mkc_funclib_deflate.res
/objdir/_mkc_funclib_deflate_z.c
/objdir/_mkc_funclib_deflate_z.err
/objdir/_mkc_funclib_deflate_z.res
/objdir/_mkc_header_zlib_h.c
/objdir/_mkc_header_zlib_h.err
/objdir/_mkc_header_zlib_h.res
/objdir/_mkc_prog_cc.err
/objdir/_mkc_prog_cc.res
/objdir/dict/Makefile
/objdir/dict/dict
/objdir/dict/dict.1
/objdir/dict/dict.c
/objdir/dict/dict.cat1
/objdir/dict/dict.o
/objdir/dictd/Makefile
/objdir/dictd/dictd
/objdir/dictd/dictd.8
/objdir/dictd/dictd.c
/objdir/dictd/dictd.cat8
/objdir/dictd/dictd.o
/objdir/dictfmt/Makefile
/objdir/dictfmt/dictfmt
/objdir/dictfmt/dictfmt.1
/objdir/dictfmt/dictfmt.c
/objdir/dictfmt/dictfmt.cat1
/objdir/dictfmt/dictfmt.o
/objdir/dictzip/Makefile
/objdir/dictzip/dictzip
/objdir/dictzip/dictzip.1
/objdir/dictzip/dictzip.c
/objdir/dictzip/dictzip.cat1
/objdir/dictzip/dictzip.o
/objdir/doc/Makefile
/objdir/doc/doc.txt
/objdir/expect.out
/objdir/hello_dictd.test.out.tmp
/objdir/libcommon/Makefile
/objdir/libcommon/iswalnum.c
/objdir/libcommon/iswalnum.o
/objdir/libcommon/libcommon.a
/objdir/libcommon/linkme.mk
/objdir/libcommon/str.c
/objdir/libcommon/str.o
/objdir/libdz/Makefile
/objdir/libdz/dz.c
/objdir/libdz/dz.o
/objdir/libdz/dz.os
/objdir/libdz/export.sym
/objdir/libdz/libdz.a
/objdir/libdz/libdz.so
/objdir/libdz/libdz.so.1
/objdir/libdz/libdz.so.1.0
/objdir/libdz/linkme.mk
/objdir/libmaa/Makefile
/objdir/libmaa/export.sym
/objdir/libmaa/libmaa.a
/objdir/libmaa/libmaa.so
/objdir/libmaa/libmaa.so.1
/objdir/libmaa/libmaa.so.1.2.0
/objdir/libmaa/linkme.mk
/objdir/libmaa/log.c
/objdir/libmaa/log.o
/objdir/libmaa/log.os
/objdir/libmaa/prime.c
/objdir/libmaa/prime.o
/objdir/libmaa/prime.os
/objdir/libmaa/set.c
/objdir/libmaa/set.o
/objdir/libmaa/set.os
/objdir/test.mk
========= installdirs ==========
/objdir/prefix
/objdir/prefix/bin
/objdir/prefix/lib
/objdir/prefix/man
/objdir/prefix/man/cat1
/objdir/prefix/man/cat8
/objdir/prefix/man/man1
/objdir/prefix/man/man8
========= install ==========
/objdir/prefix
/objdir/prefix/bin
/objdir/prefix/bin/dict
/objdir/prefix/bin/dictd
/objdir/prefix/bin/dictfmt
/objdir/prefix/bin/dictzip
/objdir/prefix/lib
/objdir/prefix/lib/libdz.a
/objdir/prefix/lib/libdz.so
/objdir/prefix/lib/libdz.so.1
/objdir/prefix/lib/libdz.so.1.0
/objdir/prefix/lib/libmaa.a
/objdir/prefix/lib/libmaa.so
/objdir/prefix/lib/libmaa.so.1
/objdir/prefix/lib/libmaa.so.1.2.0
/objdir/prefix/man
/objdir/prefix/man/cat1
/objdir/prefix/man/cat1/dict.0
/objdir/prefix/man/cat1/dictfmt.0
/objdir/prefix/man/cat1/dictzip.0
/objdir/prefix/man/cat8
/objdir/prefix/man/cat8/dictd.0
/objdir/prefix/man/man1
/objdir/prefix/man/man1/dict.1
/objdir/prefix/man/man1/dictfmt.1
/objdir/prefix/man/man1/dictzip.1
/objdir/prefix/man/man8
/objdir/prefix/man/man8/dictd.8
======== uninstall =========
========== nodeps-cleandir-dictfmt subdir-clean-dictzip ===========
/objdir/Makefile
/objdir/Makefile.inc
/objdir/dict/Makefile
/objdir/dict/dict
/objdir/dict/dict.1
/objdir/dict/dict.c
/objdir/dict/dict.cat1
/objdir/dict/dict.o
/objdir/dictd/Makefile
/objdir/dictd/dictd
/objdir/dictd/dictd.8
/objdir/dictd/dictd.c
/objdir/dictd/dictd.cat8
/objdir/dictd/dictd.o
/objdir/dictfmt/Makefile
/objdir/dictfmt/dictfmt.1
/objdir/dictfmt/dictfmt.c
/objdir/dictzip/Makefile
/objdir/dictzip/dictzip.1
/objdir/dictzip/dictzip.c
/objdir/doc/Makefile
/objdir/doc/doc.txt
/objdir/expect.out
/objdir/hello_dictd.test.out.tmp
/objdir/libcommon/Makefile
/objdir/libcommon/iswalnum.c
/objdir/libcommon/iswalnum.o
/objdir/libcommon/libcommon.a
/objdir/libcommon/linkme.mk
/objdir/libcommon/str.c
/objdir/libcommon/str.o
/objdir/libdz/Makefile
/objdir/libdz/dz.c
/objdir/libdz/dz.o
/objdir/libdz/dz.os
/objdir/libdz/export.sym
/objdir/libdz/libdz.a
/objdir/libdz/libdz.so
/objdir/libdz/libdz.so.1
/objdir/libdz/libdz.so.1.0
/objdir/libdz/linkme.mk
/objdir/libmaa/Makefile
/objdir/libmaa/export.sym
/objdir/libmaa/libmaa.a
/objdir/libmaa/libmaa.so
/objdir/libmaa/libmaa.so.1
/objdir/libmaa/libmaa.so.1.2.0
/objdir/libmaa/linkme.mk
/objdir/libmaa/log.c
/objdir/libmaa/log.o
/objdir/libmaa/log.os
/objdir/libmaa/prime.c
/objdir/libmaa/prime.o
/objdir/libmaa/prime.os
/objdir/libmaa/set.c
/objdir/libmaa/set.o
/objdir/libmaa/set.os
/objdir/test.mk
========== clean ===========
/objdir/Makefile
/objdir/Makefile.inc
/objdir/dict/Makefile
/objdir/dict/dict.1
/objdir/dict/dict.c
/objdir/dictd/Makefile
/objdir/dictd/dictd.8
/objdir/dictd/dictd.c
/objdir/dictfmt/Makefile
/objdir/dictfmt/dictfmt.1
/objdir/dictfmt/dictfmt.c
/objdir/dictzip/Makefile
/objdir/dictzip/dictzip.1
/objdir/dictzip/dictzip.c
/objdir/doc/Makefile
/objdir/doc/doc.txt
/objdir/expect.out
/objdir/hello_dictd.test.out.tmp
/objdir/libcommon/Makefile
/objdir/libcommon/iswalnum.c
/objdir/libcommon/linkme.mk
/objdir/libcommon/str.c
/objdir/libdz/Makefile
/objdir/libdz/dz.c
/objdir/libdz/export.sym
/objdir/libdz/linkme.mk
/objdir/libmaa/Makefile
/objdir/libmaa/export.sym
/objdir/libmaa/linkme.mk
/objdir/libmaa/log.c
/objdir/libmaa/prime.c
/objdir/libmaa/set.c
/objdir/test.mk
======= distclean ==========
/objdir/Makefile
/objdir/Makefile.inc
/objdir/dict/Makefile
/objdir/dict/dict.1
/objdir/dict/dict.c
/objdir/dictd/Makefile
/objdir/dictd/dictd.8
/objdir/dictd/dictd.c
/objdir/dictfmt/Makefile
/objdir/dictfmt/dictfmt.1
/objdir/dictfmt/dictfmt.c
/objdir/dictzip/Makefile
/objdir/dictzip/dictzip.1
/objdir/dictzip/dictzip.c
/objdir/doc/Makefile
/objdir/doc/doc.txt
/objdir/expect.out
/objdir/hello_dictd.test.out.tmp
/objdir/libcommon/Makefile
/objdir/libcommon/iswalnum.c
/objdir/libcommon/linkme.mk
/objdir/libcommon/str.c
/objdir/libdz/Makefile
/objdir/libdz/dz.c
/objdir/libdz/export.sym
/objdir/libdz/linkme.mk
/objdir/libmaa/Makefile
/objdir/libmaa/export.sym
/objdir/libmaa/linkme.mk
/objdir/libmaa/log.c
/objdir/libmaa/prime.c
/objdir/libmaa/set.c
/objdir/test.mk
=========== MKOBJDIRS=auto ============
/objdir
/objdir/Makefile
/objdir/Makefile.inc
/objdir/dict
/objdir/dict/Makefile
/objdir/dict/dict.1
/objdir/dict/dict.c
/objdir/dictd
/objdir/dictd/Makefile
/objdir/dictd/dictd.8
/objdir/dictd/dictd.c
/objdir/dictfmt
/objdir/dictfmt/Makefile
/objdir/dictfmt/dictfmt.1
/objdir/dictfmt/dictfmt.c
/objdir/dictzip
/objdir/dictzip/Makefile
/objdir/dictzip/dictzip.1
/objdir/dictzip/dictzip.c
/objdir/doc
/objdir/doc/Makefile
/objdir/doc/doc.txt
/objdir/expect.out
/objdir/hello_dictd.test.out.tmp
/objdir/libcommon
/objdir/libcommon/Makefile
/objdir/libcommon/iswalnum.c
/objdir/libcommon/linkme.mk
/objdir/libcommon/str.c
/objdir/libdz
/objdir/libdz/Makefile
/objdir/libdz/dz.c
/objdir/libdz/export.sym
/objdir/libdz/linkme.mk
/objdir/libmaa
/objdir/libmaa/Makefile
/objdir/libmaa/export.sym
/objdir/libmaa/linkme.mk
/objdir/libmaa/log.c
/objdir/libmaa/prime.c
/objdir/libmaa/set.c
/objdir/test.mk
===
/objdir/obj1/objdir
/objdir/obj1/objdir/dict
/objdir/obj1/objdir/dictd
/objdir/obj1/objdir/dictfmt
/objdir/obj1/objdir/dictzip
/objdir/obj1/objdir/libcommon
/objdir/obj1/objdir/libdz
/objdir/obj1/objdir/libmaa
=========== MKOBJDIRS=yes ============
obj1 does not exist
===
/objdir
/objdir/Makefile
/objdir/Makefile.inc
/objdir/dict
/objdir/dict/Makefile
/objdir/dict/dict.1
/objdir/dict/dict.c
/objdir/dictd
/objdir/dictd/Makefile
/objdir/dictd/dictd.8
/objdir/dictd/dictd.c
/objdir/dictfmt
/objdir/dictfmt/Makefile
/objdir/dictfmt/dictfmt.1
/objdir/dictfmt/dictfmt.c
/objdir/dictzip
/objdir/dictzip/Makefile
/objdir/dictzip/dictzip.1
/objdir/dictzip/dictzip.c
/objdir/doc
/objdir/doc/Makefile
/objdir/doc/doc.txt
/objdir/expect.out
/objdir/hello_dictd.test.out.tmp
/objdir/libcommon
/objdir/libcommon/Makefile
/objdir/libcommon/iswalnum.c
/objdir/libcommon/linkme.mk
/objdir/libcommon/str.c
/objdir/libdz
/objdir/libdz/Makefile
/objdir/libdz/dz.c
/objdir/libdz/export.sym
/objdir/libdz/linkme.mk
/objdir/libmaa
/objdir/libmaa/Makefile
/objdir/libmaa/export.sym
/objdir/libmaa/linkme.mk
/objdir/libmaa/log.c
/objdir/libmaa/prime.c
/objdir/libmaa/set.c
/objdir/test.mk
===
/objdir/obj2/objdir
/objdir/obj2/objdir/dict
/objdir/obj2/objdir/dictd
/objdir/obj2/objdir/dictfmt
/objdir/obj2/objdir/dictzip
/objdir/obj2/objdir/libcommon
/objdir/obj2/objdir/libdz
/objdir/obj2/objdir/libmaa
/objdir/obj3
=========== MKOBJDIRS=no ============
======= errorcheck ==========
/objdir/Makefile
/objdir/Makefile.inc
/objdir/_mkc_compiler_type.err
/objdir/_mkc_compiler_type.res
/objdir/_mkc_funclib_deflate.c
/objdir/_mkc_funclib_deflate.err
/objdir/_mkc_funclib_deflate.res
/objdir/_mkc_funclib_deflate_z.c
/objdir/_mkc_funclib_deflate_z.err
/objdir/_mkc_funclib_deflate_z.res
/objdir/_mkc_header_zlib_h.c
/objdir/_mkc_header_zlib_h.err
/objdir/_mkc_header_zlib_h.res
/objdir/_mkc_prog_cc.err
/objdir/_mkc_prog_cc.res
/objdir/dict/Makefile
/objdir/dict/dict.1
/objdir/dict/dict.c
/objdir/dictd/Makefile
/objdir/dictd/dictd.8
/objdir/dictd/dictd.c
/objdir/dictfmt/Makefile
/objdir/dictfmt/dictfmt.1
/objdir/dictfmt/dictfmt.c
/objdir/dictzip/Makefile
/objdir/dictzip/dictzip.1
/objdir/dictzip/dictzip.c
/objdir/doc/Makefile
/objdir/doc/doc.txt
/objdir/expect.out
/objdir/hello_dictd.test.out.tmp
/objdir/libcommon/Makefile
/objdir/libcommon/iswalnum.c
/objdir/libcommon/linkme.mk
/objdir/libcommon/str.c
/objdir/libdz/Makefile
/objdir/libdz/dz.c
/objdir/libdz/export.sym
/objdir/libdz/linkme.mk
/objdir/libmaa/Makefile
/objdir/libmaa/export.sym
/objdir/libmaa/linkme.mk
/objdir/libmaa/log.c
/objdir/libmaa/prime.c
/objdir/libmaa/set.c
/objdir/test.mk
======= all-dict ==========
/objdir/Makefile
/objdir/Makefile.inc
/objdir/_mkc_compiler_type.err
/objdir/_mkc_compiler_type.res
/objdir/_mkc_prog_cc.err
/objdir/_mkc_prog_cc.res
/objdir/dict/Makefile
/objdir/dict/dict
/objdir/dict/dict.1
/objdir/dict/dict.c
/objdir/dict/dict.cat1
/objdir/dict/dict.o
/objdir/dictd/Makefile
/objdir/dictd/dictd.8
/objdir/dictd/dictd.c
/objdir/dictfmt/Makefile
/objdir/dictfmt/dictfmt.1
/objdir/dictfmt/dictfmt.c
/objdir/dictzip/Makefile
/objdir/dictzip/dictzip.1
/objdir/dictzip/dictzip.c
/objdir/doc/Makefile
/objdir/doc/doc.txt
/objdir/expect.out
/objdir/hello_dictd.test.out.tmp
/objdir/libcommon/Makefile
/objdir/libcommon/iswalnum.c
/objdir/libcommon/iswalnum.o
/objdir/libcommon/libcommon.a
/objdir/libcommon/linkme.mk
/objdir/libcommon/str.c
/objdir/libcommon/str.o
/objdir/libdz/Makefile
/objdir/libdz/dz.c
/objdir/libdz/export.sym
/objdir/libdz/linkme.mk
/objdir/libmaa/Makefile
/objdir/libmaa/export.sym
/objdir/libmaa/libmaa.a
/objdir/libmaa/libmaa.so
/objdir/libmaa/libmaa.so.1
/objdir/libmaa/libmaa.so.1.2.0
/objdir/libmaa/linkme.mk
/objdir/libmaa/log.c
/objdir/libmaa/log.o
/objdir/libmaa/log.os
/objdir/libmaa/prime.c
/objdir/libmaa/prime.o
/objdir/libmaa/prime.os
/objdir/libmaa/set.c
/objdir/libmaa/set.o
/objdir/libmaa/set.os
/objdir/test.mk
======= -C dict all ==========
/objdir/Makefile
/objdir/Makefile.inc
/objdir/_mkc_compiler_type.err
/objdir/_mkc_compiler_type.res
/objdir/_mkc_prog_cc.err
/objdir/_mkc_prog_cc.res
/objdir/dict/Makefile
/objdir/dict/dict
/objdir/dict/dict.1
/objdir/dict/dict.c
/objdir/dict/dict.cat1
/objdir/dict/dict.o
/objdir/dictd/Makefile
/objdir/dictd/dictd.8
/objdir/dictd/dictd.c
/objdir/dictfmt/Makefile
/objdir/dictfmt/dictfmt.1
/objdir/dictfmt/dictfmt.c
/objdir/dictzip/Makefile
/objdir/dictzip/dictzip.1
/objdir/dictzip/dictzip.c
/objdir/doc/Makefile
/objdir/doc/doc.txt
/objdir/expect.out
/objdir/hello_dictd.test.out.tmp
/objdir/libcommon/Makefile
/objdir/libcommon/iswalnum.c
/objdir/libcommon/iswalnum.o
/objdir/libcommon/libcommon.a
/objdir/libcommon/linkme.mk
/objdir/libcommon/str.c
/objdir/libcommon/str.o
/objdir/libdz/Makefile
/objdir/libdz/dz.c
/objdir/libdz/export.sym
/objdir/libdz/linkme.mk
/objdir/libmaa/Makefile
/objdir/libmaa/export.sym
/objdir/libmaa/libmaa.a
/objdir/libmaa/libmaa.so
/objdir/libmaa/libmaa.so.1
/objdir/libmaa/libmaa.so.1.2.0
/objdir/libmaa/linkme.mk
/objdir/libmaa/log.c
/objdir/libmaa/log.o
/objdir/libmaa/log.os
/objdir/libmaa/prime.c
/objdir/libmaa/prime.o
/objdir/libmaa/prime.os
/objdir/libmaa/set.c
/objdir/libmaa/set.o
/objdir/libmaa/set.os
/objdir/test.mk
========= installdirs-dict ==========
/objdir/prefix
/objdir/prefix/bin
/objdir/prefix/lib
/objdir/prefix/man
/objdir/prefix/man/cat1
/objdir/prefix/man/man1
========= install-dict ==========
/objdir/prefix
/objdir/prefix/bin
/objdir/prefix/bin/dict
/objdir/prefix/lib
/objdir/prefix/lib/libmaa.a
/objdir/prefix/lib/libmaa.so
/objdir/prefix/lib/libmaa.so.1
/objdir/prefix/lib/libmaa.so.1.2.0
/objdir/prefix/man
/objdir/prefix/man/cat1
/objdir/prefix/man/cat1/dict.0
/objdir/prefix/man/man1
/objdir/prefix/man/man1/dict.1
========= -Cdict install ==========
/objdir/prefix
/objdir/prefix/bin
/objdir/prefix/bin/dict
/objdir/prefix/lib
/objdir/prefix/lib/libmaa.a
/objdir/prefix/lib/libmaa.so
/objdir/prefix/lib/libmaa.so.1
/objdir/prefix/lib/libmaa.so.1.2.0
/objdir/prefix/man
/objdir/prefix/man/cat1
/objdir/prefix/man/cat1/dict.0
/objdir/prefix/man/man1
/objdir/prefix/man/man1/dict.1
======= uninstall-dict ==========
========== -C dict clean ===========
/objdir/Makefile
/objdir/Makefile.inc
/objdir/_mkc_compiler_type.err
/objdir/_mkc_compiler_type.res
/objdir/_mkc_prog_cc.err
/objdir/_mkc_prog_cc.res
/objdir/dict/Makefile
/objdir/dict/dict.1
/objdir/dict/dict.c
/objdir/dictd/Makefile
/objdir/dictd/dictd.8
/objdir/dictd/dictd.c
/objdir/dictfmt/Makefile
/objdir/dictfmt/dictfmt.1
/objdir/dictfmt/dictfmt.c
/objdir/dictzip/Makefile
/objdir/dictzip/dictzip.1
/objdir/dictzip/dictzip.c
/objdir/doc/Makefile
/objdir/doc/doc.txt
/objdir/expect.out
/objdir/hello_dictd.test.out.tmp
/objdir/libcommon/Makefile
/objdir/libcommon/iswalnum.c
/objdir/libcommon/linkme.mk
/objdir/libcommon/str.c
/objdir/libdz/Makefile
/objdir/libdz/dz.c
/objdir/libdz/export.sym
/objdir/libdz/linkme.mk
/objdir/libmaa/Makefile
/objdir/libmaa/export.sym
/objdir/libmaa/linkme.mk
/objdir/libmaa/log.c
/objdir/libmaa/prime.c
/objdir/libmaa/set.c
/objdir/test.mk
======= cleandir-dict ==========
/objdir/Makefile
/objdir/Makefile.inc
/objdir/dict/Makefile
/objdir/dict/dict.1
/objdir/dict/dict.c
/objdir/dictd/Makefile
/objdir/dictd/dictd.8
/objdir/dictd/dictd.c
/objdir/dictfmt/Makefile
/objdir/dictfmt/dictfmt.1
/objdir/dictfmt/dictfmt.c
/objdir/dictzip/Makefile
/objdir/dictzip/dictzip.1
/objdir/dictzip/dictzip.c
/objdir/doc/Makefile
/objdir/doc/doc.txt
/objdir/expect.out
/objdir/hello_dictd.test.out.tmp
/objdir/libcommon/Makefile
/objdir/libcommon/iswalnum.c
/objdir/libcommon/linkme.mk
/objdir/libcommon/str.c
/objdir/libdz/Makefile
/objdir/libdz/dz.c
/objdir/libdz/export.sym
/objdir/libdz/linkme.mk
/objdir/libmaa/Makefile
/objdir/libmaa/export.sym
/objdir/libmaa/linkme.mk
/objdir/libmaa/log.c
/objdir/libmaa/prime.c
/objdir/libmaa/set.c
/objdir/test.mk
========= installdirs-doc ==========
/objdir/prefix
/objdir/prefix/share
/objdir/prefix/share/doc
/objdir/prefix/share/doc/dict
========= install-doc ==========
/objdir/prefix
/objdir/prefix/share
/objdir/prefix/share/doc
/objdir/prefix/share/doc/dict
/objdir/prefix/share/doc/dict/doc.txt
======= uninstall-doc ==========
=========== all with NOSUBDIR ============
/objdir/Makefile
/objdir/Makefile.inc
/objdir/_mkc_compiler_type.err
/objdir/_mkc_compiler_type.res
/objdir/_mkc_funclib_deflate.c
/objdir/_mkc_funclib_deflate.err
/objdir/_mkc_funclib_deflate.res
/objdir/_mkc_funclib_deflate_z.c
/objdir/_mkc_funclib_deflate_z.err
/objdir/_mkc_funclib_deflate_z.res
/objdir/_mkc_header_zlib_h.c
/objdir/_mkc_header_zlib_h.err
/objdir/_mkc_header_zlib_h.res
/objdir/_mkc_prog_cc.err
/objdir/_mkc_prog_cc.res
/objdir/dict/Makefile
/objdir/dict/dict
/objdir/dict/dict.1
/objdir/dict/dict.c
/objdir/dict/dict.cat1
/objdir/dict/dict.o
/objdir/dictd/Makefile
/objdir/dictd/dictd
/objdir/dictd/dictd.8
/objdir/dictd/dictd.c
/objdir/dictd/dictd.cat8
/objdir/dictd/dictd.o
/objdir/dictfmt/Makefile
/objdir/dictfmt/dictfmt.1
/objdir/dictfmt/dictfmt.c
/objdir/dictzip/Makefile
/objdir/dictzip/dictzip.1
/objdir/dictzip/dictzip.c
/objdir/doc/Makefile
/objdir/doc/doc.txt
/objdir/expect.out
/objdir/hello_dictd.test.out.tmp
/objdir/libcommon/Makefile
/objdir/libcommon/iswalnum.c
/objdir/libcommon/iswalnum.o
/objdir/libcommon/libcommon.a
/objdir/libcommon/linkme.mk
/objdir/libcommon/str.c
/objdir/libcommon/str.o
/objdir/libdz/Makefile
/objdir/libdz/dz.c
/objdir/libdz/dz.o
/objdir/libdz/dz.os
/objdir/libdz/export.sym
/objdir/libdz/libdz.a
/objdir/libdz/libdz.so
/objdir/libdz/libdz.so.1
/objdir/libdz/libdz.so.1.0
/objdir/libdz/linkme.mk
/objdir/libmaa/Makefile
/objdir/libmaa/export.sym
/objdir/libmaa/libmaa.a
/objdir/libmaa/libmaa.so
/objdir/libmaa/libmaa.so.1
/objdir/libmaa/libmaa.so.1.2.0
/objdir/libmaa/linkme.mk
/objdir/libmaa/log.c
/objdir/libmaa/log.o
/objdir/libmaa/log.os
/objdir/libmaa/prime.c
/objdir/libmaa/prime.o
/objdir/libmaa/prime.os
/objdir/libmaa/set.c
/objdir/libmaa/set.o
/objdir/libmaa/set.os
/objdir/test.mk
