4
45
-1
45
=========== all ============
/objdir/Makefile
/objdir/_mkc_compiler_type.err
/objdir/_mkc_compiler_type.res
/objdir/_mkc_custom_yacc_need_liby.err
/objdir/_mkc_custom_yacc_need_liby.res
/objdir/_mkc_prog_cc.err
/objdir/_mkc_prog_cc.res
/objdir/_mkc_prog_yacc.err
/objdir/_mkc_prog_yacc.res
/objdir/_mkc_yacc_need_liby.c
/objdir/_mkc_yacc_need_liby.y
/objdir/calc.c
/objdir/calc.o
/objdir/calc.y
/objdir/expect.out
/objdir/hello_calc
/objdir/hello_yacc.test.out.tmp
/objdir/input.txt
/objdir/test.mk
========= install ==========
/objdir/prefix/bin/hello_calc
======== uninstall =========
========== clean ===========
/objdir/Makefile
/objdir/_mkc_compiler_type.err
/objdir/_mkc_compiler_type.res
/objdir/_mkc_custom_yacc_need_liby.err
/objdir/_mkc_custom_yacc_need_liby.res
/objdir/_mkc_prog_cc.err
/objdir/_mkc_prog_cc.res
/objdir/_mkc_prog_yacc.err
/objdir/_mkc_prog_yacc.res
/objdir/_mkc_yacc_need_liby.c
/objdir/_mkc_yacc_need_liby.y
/objdir/calc.y
/objdir/expect.out
/objdir/hello_yacc.test.out.tmp
/objdir/input.txt
/objdir/test.mk
======= distclean ==========
/objdir/Makefile
/objdir/calc.y
/objdir/expect.out
/objdir/hello_yacc.test.out.tmp
/objdir/input.txt
/objdir/test.mk
