=========== all ============
/objdir/Makefile
/objdir/expect.NetBSD.out
/objdir/expect.out
/objdir/hello_files.test.out.tmp
/objdir/shell_func.7
/objdir/shell_func.cat7
/objdir/shell_func.info
/objdir/shell_func.texinfo
/objdir/shell_func1
/objdir/shell_func2
/objdir/shell_func3
/objdir/test.mk
======== all+html ==========
/objdir/Makefile
/objdir/expect.NetBSD.out
/objdir/expect.out
/objdir/hello_files.test.out.tmp
/objdir/shell_func.7
/objdir/shell_func.cat7
/objdir/shell_func.html7
/objdir/shell_func.info
/objdir/shell_func.texinfo
/objdir/shell_func1
/objdir/shell_func2
/objdir/shell_func3
/objdir/test.mk
========= install ==========
/objdir/prefix
/objdir/prefix/bin
/objdir/prefix/bin/shell_func1
/objdir/prefix/bin/shell_func2
/objdir/prefix/info
/objdir/prefix/info/shell_func.info
/objdir/prefix/libexec
/objdir/prefix/libexec/shell_func3
/objdir/prefix/man
/objdir/prefix/man/cat7
/objdir/prefix/man/cat7/shell_func.0
/objdir/prefix/man/html7
/objdir/prefix/man/html7/shell_func.html
/objdir/prefix/man/man7
/objdir/prefix/man/man7/shell_func.7
/objdir/prefix/share
/objdir/prefix/share/files1
/objdir/prefix/share/files1/shell_func1.sh
/objdir/prefix/share/files2
/objdir/prefix/share/files2/shell_func2.sh
/objdir/prefix/share/files3
/objdir/prefix/share/files3/shell_func3.sh
======== uninstall =========
========== clean ===========
/objdir/Makefile
/objdir/expect.NetBSD.out
/objdir/expect.out
/objdir/hello_files.test.out.tmp
/objdir/shell_func.7
/objdir/shell_func.texinfo
/objdir/shell_func1
/objdir/shell_func2
/objdir/shell_func3
/objdir/test.mk
======= distclean ==========
/objdir/Makefile
/objdir/expect.NetBSD.out
/objdir/expect.out
/objdir/hello_files.test.out.tmp
/objdir/shell_func.7
/objdir/shell_func.texinfo
/objdir/shell_func1
/objdir/shell_func2
/objdir/shell_func3
/objdir/test.mk
==== install MKINSTALL=no ====
/objdir/Makefile
/objdir/expect.NetBSD.out
/objdir/expect.out
/objdir/hello_files.test.out.tmp
/objdir/shell_func.7
/objdir/shell_func.cat7
/objdir/shell_func.html7
/objdir/shell_func.info
/objdir/shell_func.texinfo
/objdir/shell_func1
/objdir/shell_func2
/objdir/shell_func3
/objdir/test.mk
