=========== all ============
/objdir/Makefile
/objdir/Makefile.inc
/objdir/_mkc_compiler_type.err
/objdir/_mkc_compiler_type.res
/objdir/_mkc_prog_cc.err
/objdir/_mkc_prog_cc.res
/objdir/docs/LICENSE
/objdir/docs/Makefile
/objdir/docs/NEWS
/objdir/docs/README
/objdir/expect.out
/objdir/fsck_superfs/Makefile
/objdir/fsck_superfs/fsck_superfs
/objdir/fsck_superfs/fsck_superfs.8
/objdir/fsck_superfs/fsck_superfs.c
/objdir/fsck_superfs/fsck_superfs.o
/objdir/hello_superfs.test.out.tmp
/objdir/mkfs_superfs/Makefile
/objdir/mkfs_superfs/mkfs_superfs
/objdir/mkfs_superfs/mkfs_superfs.8
/objdir/mkfs_superfs/mkfs_superfs.c
/objdir/mkfs_superfs/mkfs_superfs.o
/objdir/test.mk
========= install ==========
/objdir/prefix
/objdir/prefix/man
/objdir/prefix/man/cat8
/objdir/prefix/man/cat8/fsck_superfs.0
/objdir/prefix/man/cat8/mkfs_superfs.0
/objdir/prefix/man/man8
/objdir/prefix/man/man8/fsck_superfs.8
/objdir/prefix/man/man8/mkfs_superfs.8
/objdir/prefix/sbin
/objdir/prefix/sbin/fsck_superfs
/objdir/prefix/sbin/mkfs_superfs
/objdir/prefix/share
/objdir/prefix/share/doc
/objdir/prefix/share/doc/dict
/objdir/prefix/share/doc/dict/LICENSE
/objdir/prefix/share/doc/dict/NEWS
/objdir/prefix/share/doc/dict/README
======== uninstall =========
========== clean ===========
/objdir/Makefile
/objdir/Makefile.inc
/objdir/_mkc_compiler_type.err
/objdir/_mkc_compiler_type.res
/objdir/_mkc_prog_cc.err
/objdir/_mkc_prog_cc.res
/objdir/docs/LICENSE
/objdir/docs/Makefile
/objdir/docs/NEWS
/objdir/docs/README
/objdir/expect.out
/objdir/fsck_superfs/Makefile
/objdir/fsck_superfs/fsck_superfs.8
/objdir/fsck_superfs/fsck_superfs.c
/objdir/hello_superfs.test.out.tmp
/objdir/mkfs_superfs/Makefile
/objdir/mkfs_superfs/mkfs_superfs.8
/objdir/mkfs_superfs/mkfs_superfs.c
/objdir/test.mk
========== depend ===========
/objdir/Makefile
/objdir/Makefile.inc
/objdir/_mkc_compiler_type.err
/objdir/_mkc_compiler_type.res
/objdir/_mkc_prog_cc.err
/objdir/_mkc_prog_cc.res
/objdir/docs/LICENSE
/objdir/docs/Makefile
/objdir/docs/NEWS
/objdir/docs/README
/objdir/expect.out
/objdir/fsck_superfs/.depend
/objdir/fsck_superfs/Makefile
/objdir/fsck_superfs/fsck_superfs.8
/objdir/fsck_superfs/fsck_superfs.c
/objdir/fsck_superfs/fsck_superfs.d
/objdir/hello_superfs.test.out.tmp
/objdir/mkfs_superfs/.depend
/objdir/mkfs_superfs/Makefile
/objdir/mkfs_superfs/mkfs_superfs.8
/objdir/mkfs_superfs/mkfs_superfs.c
/objdir/mkfs_superfs/mkfs_superfs.d
/objdir/test.mk
======= distclean ==========
/objdir/Makefile
/objdir/Makefile.inc
/objdir/docs/LICENSE
/objdir/docs/Makefile
/objdir/docs/NEWS
/objdir/docs/README
/objdir/expect.out
/objdir/fsck_superfs/Makefile
/objdir/fsck_superfs/fsck_superfs.8
/objdir/fsck_superfs/fsck_superfs.c
/objdir/hello_superfs.test.out.tmp
/objdir/mkfs_superfs/Makefile
/objdir/mkfs_superfs/mkfs_superfs.8
/objdir/mkfs_superfs/mkfs_superfs.c
/objdir/test.mk
======= errorcheck ==========
/objdir/Makefile
/objdir/Makefile.inc
/objdir/_mkc_compiler_type.err
/objdir/_mkc_compiler_type.res
/objdir/_mkc_prog_cc.err
/objdir/_mkc_prog_cc.res
/objdir/docs/LICENSE
/objdir/docs/Makefile
/objdir/docs/NEWS
/objdir/docs/README
/objdir/expect.out
/objdir/fsck_superfs/Makefile
/objdir/fsck_superfs/fsck_superfs.8
/objdir/fsck_superfs/fsck_superfs.c
/objdir/hello_superfs.test.out.tmp
/objdir/mkfs_superfs/Makefile
/objdir/mkfs_superfs/mkfs_superfs.8
/objdir/mkfs_superfs/mkfs_superfs.c
/objdir/test.mk
==== install MKINSTALL=no ====
/objdir/Makefile
/objdir/Makefile.inc
/objdir/_mkc_compiler_type.err
/objdir/_mkc_compiler_type.res
/objdir/_mkc_prog_cc.err
/objdir/_mkc_prog_cc.res
/objdir/docs/LICENSE
/objdir/docs/Makefile
/objdir/docs/NEWS
/objdir/docs/README
/objdir/expect.out
/objdir/fsck_superfs/Makefile
/objdir/fsck_superfs/fsck_superfs
/objdir/fsck_superfs/fsck_superfs.8
/objdir/fsck_superfs/fsck_superfs.c
/objdir/fsck_superfs/fsck_superfs.cat8
/objdir/fsck_superfs/fsck_superfs.o
/objdir/hello_superfs.test.out.tmp
/objdir/mkfs_superfs/Makefile
/objdir/mkfs_superfs/mkfs_superfs
/objdir/mkfs_superfs/mkfs_superfs.8
/objdir/mkfs_superfs/mkfs_superfs.c
/objdir/mkfs_superfs/mkfs_superfs.cat8
/objdir/mkfs_superfs/mkfs_superfs.o
/objdir/test.mk
