Hello world 1!
hello world 2!
hello world 3!
=========== all ============
/objdir/Makefile
/objdir/Makefile.inc
/objdir/_mkc_cc_option_-Os.err
/objdir/_mkc_cc_option_-Os.res
/objdir/_mkc_cc_type.err
/objdir/_mkc_cc_type.res
/objdir/_mkc_cxx_option_-Os.err
/objdir/_mkc_cxx_option_-Os.res
/objdir/_mkc_cxx_type.err
/objdir/_mkc_cxx_type.res
/objdir/_mkc_funclib_dummy.c
/objdir/_mkc_funclib_dummy.err
/objdir/_mkc_funclib_dummy.res
/objdir/_mkc_prog_cc.err
/objdir/_mkc_prog_cc.res
/objdir/_mkc_prog_cxx.err
/objdir/_mkc_prog_cxx.res
/objdir/cxxapp/Makefile
/objdir/cxxapp/cxxapp
/objdir/cxxapp/cxxapp.cc
/objdir/cxxapp/cxxapp.o
/objdir/cxxlib.test.out.tmp
/objdir/cxxlib/Makefile
/objdir/cxxlib/dummy.c
/objdir/cxxlib/dummy.o
/objdir/cxxlib/dummy.os
/objdir/cxxlib/hello_msg1.cpp
/objdir/cxxlib/hello_msg1.o
/objdir/cxxlib/hello_msg1.os
/objdir/cxxlib/hello_msg2.cpp
/objdir/cxxlib/hello_msg2.o
/objdir/cxxlib/hello_msg2.os
/objdir/cxxlib/include/hello_msg.h
/objdir/cxxlib/include/impl/hello_msg1.h
/objdir/cxxlib/include/impl/hello_msg2.h
/objdir/cxxlib/libcxxlib.a
/objdir/cxxlib/libcxxlib.so.1.0.5
/objdir/cxxlib/linkme.mk
/objdir/cxxlib2/Makefile
/objdir/cxxlib2/hello_msg3.cxx
/objdir/cxxlib2/hello_msg3.o
/objdir/cxxlib2/hello_msg3.os
/objdir/cxxlib2/include/hello_msg2.h
/objdir/cxxlib2/libcxxlib2.a
/objdir/cxxlib2/libcxxlib2.so.0.0
/objdir/cxxlib2/linkme.mk
/objdir/expect.out
/objdir/test.mk
========= install ==========
/objdir/prefix
/objdir/prefix/bin
/objdir/prefix/bin/cxxapp
/objdir/prefix/include
/objdir/prefix/include/hello_msg.h
/objdir/prefix/include/hello_msg2.h
/objdir/prefix/include/impl
/objdir/prefix/include/impl/hello_msg1.h
/objdir/prefix/include/impl/hello_msg2.h
/objdir/prefix/lib
/objdir/prefix/lib/libcxxlib.a
/objdir/prefix/lib/libcxxlib.so
/objdir/prefix/lib/libcxxlib.so.1
/objdir/prefix/lib/libcxxlib.so.1.0.5
/objdir/prefix/lib/libcxxlib2.a
/objdir/prefix/lib/libcxxlib2.so
/objdir/prefix/lib/libcxxlib2.so.0
/objdir/prefix/lib/libcxxlib2.so.0.0
======== uninstall =========
========== clean ===========
/objdir/Makefile
/objdir/Makefile.inc
/objdir/_mkc_cc_option_-Os.err
/objdir/_mkc_cc_option_-Os.res
/objdir/_mkc_cc_type.err
/objdir/_mkc_cc_type.res
/objdir/_mkc_cxx_option_-Os.err
/objdir/_mkc_cxx_option_-Os.res
/objdir/_mkc_cxx_type.err
/objdir/_mkc_cxx_type.res
/objdir/_mkc_funclib_dummy.c
/objdir/_mkc_funclib_dummy.err
/objdir/_mkc_funclib_dummy.res
/objdir/_mkc_prog_cc.err
/objdir/_mkc_prog_cc.res
/objdir/_mkc_prog_cxx.err
/objdir/_mkc_prog_cxx.res
/objdir/cxxapp/Makefile
/objdir/cxxapp/cxxapp.cc
/objdir/cxxlib.test.out.tmp
/objdir/cxxlib/Makefile
/objdir/cxxlib/dummy.c
/objdir/cxxlib/hello_msg1.cpp
/objdir/cxxlib/hello_msg2.cpp
/objdir/cxxlib/include/hello_msg.h
/objdir/cxxlib/include/impl/hello_msg1.h
/objdir/cxxlib/include/impl/hello_msg2.h
/objdir/cxxlib/linkme.mk
/objdir/cxxlib2/Makefile
/objdir/cxxlib2/hello_msg3.cxx
/objdir/cxxlib2/include/hello_msg2.h
/objdir/cxxlib2/linkme.mk
/objdir/expect.out
/objdir/test.mk
======= cleandir ==========
/objdir/Makefile
/objdir/Makefile.inc
/objdir/cxxapp/Makefile
/objdir/cxxapp/cxxapp.cc
/objdir/cxxlib.test.out.tmp
/objdir/cxxlib/Makefile
/objdir/cxxlib/dummy.c
/objdir/cxxlib/hello_msg1.cpp
/objdir/cxxlib/hello_msg2.cpp
/objdir/cxxlib/include/hello_msg.h
/objdir/cxxlib/include/impl/hello_msg1.h
/objdir/cxxlib/include/impl/hello_msg2.h
/objdir/cxxlib/linkme.mk
/objdir/cxxlib2/Makefile
/objdir/cxxlib2/hello_msg3.cxx
/objdir/cxxlib2/include/hello_msg2.h
/objdir/cxxlib2/linkme.mk
/objdir/expect.out
/objdir/test.mk
